2017-09-24 21:02:37 Array
(
    [hit] => Array
        (
            [dateHit] => 2015-08-26T01:32:39+00:00
            [dateLeft] => 
            [page] => Array
                (
                    [id] => 1
                    [title] => PageHit
                    [alias] => pagehit
                    [category] => 
                )

            [redirect] => 
            [email] => 
            [lead] => Array
                (
                    [id] => 26
                    [points] => 10
                    [color] => 
                    [fields] => Array
                        (
                            [core] => Array
                                (
                                    [title] => Array
                                        (
                                            [id] => 1
                                            [label] => Title
                                            [alias] => title
                                            [type] => lookup
                                            [group] => core
                                            [value] => 
                                        )

                                    [firstname] => Array
                                        (
                                            [id] => 2
                                            [label] => First Name
                                            [alias] => firstname
                                            [type] => text
                                            [group] => core
                                            [value] => 
                                        )

                                    [lastname] => Array
                                        (
                                            [id] => 3
                                            [label] => Last Name
                                            [alias] => lastname
                                            [type] => text
                                            [group] => core
                                            [value] => 
                                        )

                                    [company] => Array
                                        (
                                            [id] => 4
                                            [label] => Company
                                            [alias] => company
                                            [type] => lookup
                                            [group] => core
                                            [value] => 
                                        )

                                    [position] => Array
                                        (
                                            [id] => 5
                                            [label] => Position
                                            [alias] => position
                                            [type] => text
                                            [group] => core
                                            [value] => 
                                        )

                                    [email] => Array
                                        (
                                            [id] => 6
                                            [label] => Email
                                            [alias] => email
                                            [type] => email
                                            [group] => core
                                            [value] => email@formsubmit.com
                                        )

                                    [phone] => Array
                                        (
                                            [id] => 7
                                            [label] => Phone
                                            [alias] => phone
                                            [type] => tel
                                            [group] => core
                                            [value] => 
                                        )

                                    [mobile] => Array
                                        (
                                            [id] => 8
                                            [label] => Mobile
                                            [alias] => mobile
                                            [type] => tel
                                            [group] => core
                                            [value] => 
                                        )

                                    [fax] => Array
                                        (
                                            [id] => 9
                                            [label] => Fax
                                            [alias] => fax
                                            [type] => text
                                            [group] => core
                                            [value] => 
                                        )

                                    [address1] => Array
                                        (
                                            [id] => 10
                                            [label] => Address Line 1
                                            [alias] => address1
                                            [type] => text
                                            [group] => core
                                            [value] => 
                                        )

                                    [address2] => Array
                                        (
                                            [id] => 11
                                            [label] => Address Line 2
                                            [alias] => address2
                                            [type] => text
                                            [group] => core
                                            [value] => 
                                        )

                                    [city] => Array
                                        (
                                            [id] => 12
                                            [label] => City
                                            [alias] => city
                                            [type] => lookup
                                            [group] => core
                                            [value] => 
                                        )

                                    [state] => Array
                                        (
                                            [id] => 13
                                            [label] => State
                                            [alias] => state
                                            [type] => region
                                            [group] => core
                                            [value] => 
                                        )

                                    [zipcode] => Array
                                        (
                                            [id] => 14
                                            [label] => Zipcode
                                            [alias] => zipcode
                                            [type] => lookup
                                            [group] => core
                                            [value] => 
                                        )

                                    [country] => Array
                                        (
                                            [id] => 15
                                            [label] => Country
                                            [alias] => country
                                            [type] => country
                                            [group] => core
                                            [value] => 
                                        )

                                    [website] => Array
                                        (
                                            [id] => 16
                                            [label] => Website
                                            [alias] => website
                                            [type] => text
                                            [group] => core
                                            [value] => 
                                        )

                                )

                            [social] => Array
                                (
                                    [twitter] => Array
                                        (
                                            [id] => 17
                                            [label] => Twitter
                                            [alias] => twitter
                                            [type] => text
                                            [group] => social
                                            [value] => 
                                        )

                                    [facebook] => Array
                                        (
                                            [id] => 18
                                            [label] => Facebook
                                            [alias] => facebook
                                            [type] => text
                                            [group] => social
                                            [value] => 
                                        )

                                    [googleplus] => Array
                                        (
                                            [id] => 19
                                            [label] => Google+
                                            [alias] => googleplus
                                            [type] => text
                                            [group] => social
                                            [value] => 
                                        )

                                    [skype] => Array
                                        (
                                            [id] => 20
                                            [label] => Skype
                                            [alias] => skype
                                            [type] => text
                                            [group] => social
                                            [value] => 
                                        )

                                    [instagram] => Array
                                        (
                                            [id] => 21
                                            [label] => Instagram
                                            [alias] => instagram
                                            [type] => text
                                            [group] => social
                                            [value] => 
                                        )

                                    [foursquare] => Array
                                        (
                                            [id] => 22
                                            [label] => Foursquare
                                            [alias] => foursquare
                                            [type] => text
                                            [group] => social
                                            [value] => 
                                        )

                                )

                            [personal] => Array
                                (
                                )

                            [professional] => Array
                                (
                                )

                        )

                )

            [ipAddress] => Array
                (
                )

            [country] => 
            [region] => 
            [city] => 
            [isp] => 
            [organization] => 
            [code] => 200
            [referer] => 
            [url] => http://mautic-gh.com/index_dev.php/pagehit
            [urlTitle] => 
            [userAgent] => Mozilla/5.0 (Macintosh; Intel Mac OS X 10_9_5) AppleWebKit/537.36 (KHTML, like Gecko) Chrome/44.0.2403.157 Safari/537.36
            [remoteHost] => localhost
            [pageLanguage] => en
            [browserLanguages] => Array
                (
                    [0] => en-US
                    [1] => en;q=0.8
                )

            [trackingId] => 833fecc93e16d37baf1530df643b6a8b10714c65
            [source] => 
            [sourceId] => 
        )

)


